<?xml version="1.0" encoding="UTF-8"?>
<!-- Generated by org.testng.reporters.JUnitXMLReporter -->
<testsuite hostname="ip-172-31-8-190" ignored="0" name="Default test" tests="6" failures="0" timestamp="25 Mar 2021 19:10:49 GMT" time="3.886" errors="0">
  <testcase name="CreateUser" time="1.84" classname="com.reqres.tests.postRequest"/>
  <testcase name="UpdateUser" time="0.347" classname="com.reqres.tests.postRequest"/>
  <testcase name="RegisterSuccess" time="0.301" classname="com.reqres.tests.postRequest"/>
  <testcase name="RegisterFailure" time="0.297" classname="com.reqres.tests.postRequest"/>
  <testcase name="LoginSuccess" time="0.243" classname="com.reqres.tests.postRequest"/>
  <testcase name="LoginUnSuccess" time="0.25" classname="com.reqres.tests.postRequest"/>
</testsuite> <!-- Default test -->
