<?xml version="1.0" encoding="UTF-8"?>
<testng-results skipped="0" failed="0" ignored="0" total="5" passed="5">
  <reporter-output>
  </reporter-output>
  <suite name="Default suite" duration-ms="3608" started-at="2021-03-21T16:20:02Z" finished-at="2021-03-21T16:20:05Z">
    <groups>
    </groups>
    <test name="Default test" duration-ms="3608" started-at="2021-03-21T16:20:02Z" finished-at="2021-03-21T16:20:05Z">
      <class name="com.reqres.testcases.Reqres_Requests">
        <test-method status="PASS" signature="InitializeRequestURL()[pri:0, instance:com.reqres.testcases.Reqres_Requests@3ffc5af1]" name="InitializeRequestURL" is-config="true" duration-ms="511" started-at="2021-03-21T16:20:02Z" finished-at="2021-03-21T16:20:02Z">
          <reporter-output>
          </reporter-output>
        </test-method> <!-- InitializeRequestURL -->
        <test-method status="PASS" signature="GetSingleUser()[pri:0, instance:com.reqres.testcases.Reqres_Requests@3ffc5af1]" name="GetSingleUser" duration-ms="1758" started-at="2021-03-21T16:20:02Z" finished-at="2021-03-21T16:20:04Z">
          <reporter-output>
          </reporter-output>
        </test-method> <!-- GetSingleUser -->
        <test-method status="PASS" signature="GetListOfUsers()[pri:1, instance:com.reqres.testcases.Reqres_Requests@3ffc5af1]" name="GetListOfUsers" duration-ms="387" started-at="2021-03-21T16:20:04Z" finished-at="2021-03-21T16:20:04Z">
          <reporter-output>
          </reporter-output>
        </test-method> <!-- GetListOfUsers -->
        <test-method status="PASS" signature="InitializeRequestURL()[pri:0, instance:com.reqres.testcases.Reqres_Requests@3ffc5af1]" name="InitializeRequestURL" is-config="true" duration-ms="0" started-at="2021-03-21T16:20:04Z" finished-at="2021-03-21T16:20:04Z">
          <reporter-output>
          </reporter-output>
        </test-method> <!-- InitializeRequestURL -->
        <test-method status="PASS" signature="CreateUser()[pri:2, instance:com.reqres.testcases.Reqres_Requests@3ffc5af1]" name="CreateUser" duration-ms="360" started-at="2021-03-21T16:20:04Z" finished-at="2021-03-21T16:20:05Z">
          <reporter-output>
          </reporter-output>
        </test-method> <!-- CreateUser -->
        <test-method status="PASS" signature="InitializeRequestURL()[pri:0, instance:com.reqres.testcases.Reqres_Requests@3ffc5af1]" name="InitializeRequestURL" is-config="true" duration-ms="0" started-at="2021-03-21T16:20:04Z" finished-at="2021-03-21T16:20:04Z">
          <reporter-output>
          </reporter-output>
        </test-method> <!-- InitializeRequestURL -->
        <test-method status="PASS" signature="InitializeRequestURL()[pri:0, instance:com.reqres.testcases.Reqres_Requests@3ffc5af1]" name="InitializeRequestURL" is-config="true" duration-ms="1" started-at="2021-03-21T16:20:05Z" finished-at="2021-03-21T16:20:05Z">
          <reporter-output>
          </reporter-output>
        </test-method> <!-- InitializeRequestURL -->
        <test-method status="PASS" signature="UpdateUser()[pri:3, instance:com.reqres.testcases.Reqres_Requests@3ffc5af1]" name="UpdateUser" duration-ms="292" started-at="2021-03-21T16:20:05Z" finished-at="2021-03-21T16:20:05Z">
          <reporter-output>
          </reporter-output>
        </test-method> <!-- UpdateUser -->
        <test-method status="PASS" signature="InitializeRequestURL()[pri:0, instance:com.reqres.testcases.Reqres_Requests@3ffc5af1]" name="InitializeRequestURL" is-config="true" duration-ms="1" started-at="2021-03-21T16:20:05Z" finished-at="2021-03-21T16:20:05Z">
          <reporter-output>
          </reporter-output>
        </test-method> <!-- InitializeRequestURL -->
        <test-method status="PASS" signature="DeleteUser()[pri:4, instance:com.reqres.testcases.Reqres_Requests@3ffc5af1]" name="DeleteUser" duration-ms="263" started-at="2021-03-21T16:20:05Z" finished-at="2021-03-21T16:20:05Z">
          <reporter-output>
          </reporter-output>
        </test-method> <!-- DeleteUser -->
      </class> <!-- com.reqres.testcases.Reqres_Requests -->
    </test> <!-- Default test -->
  </suite> <!-- Default suite -->
</testng-results>
