<?xml version="1.0" encoding="UTF-8"?>
<!-- Generated by org.testng.reporters.JUnitXMLReporter -->
<testsuite hostname="ip-172-31-8-190" ignored="0" name="Default test" tests="5" failures="0" timestamp="21 Mar 2021 16:20:05 GMT" time="3.608" errors="0">
  <testcase name="GetSingleUser" time="1.758" classname="com.reqres.testcases.Reqres_Requests"/>
  <testcase name="GetListOfUsers" time="0.387" classname="com.reqres.testcases.Reqres_Requests"/>
  <testcase name="CreateUser" time="0.36" classname="com.reqres.testcases.Reqres_Requests"/>
  <testcase name="UpdateUser" time="0.292" classname="com.reqres.testcases.Reqres_Requests"/>
  <testcase name="DeleteUser" time="0.263" classname="com.reqres.testcases.Reqres_Requests"/>
</testsuite> <!-- Default test -->
